<?xml version="1.0" encoding="UTF-8"?>
<testsuite xmlns:xsi="http://www.w3.org/2001/XMLSchema-instance" xsi:noNamespaceSchemaLocation="https://maven.apache.org/surefire/maven-surefire-plugin/xsd/surefire-test-report.xsd" name="org.example.lesson4.TriangleTest" time="1.975" tests="21" errors="0" skipped="0" failures="0">
  <properties>
[...]
</properties>
  <testcase name="testsquareOfTriangleCorrectSidesCsvFile{int, int, int, double}[1]" classname="org.example.lesson4.TriangleTest" time="0.641"/>
  <testcase name="testsquareOfTriangleCorrectSidesCsvFile{int, int, int, double}[2]" classname="org.example.lesson4.TriangleTest" time="0.025"/>
  <testcase name="testsquareOfTriangleCorrectSidesCsvFile{int, int, int, double}[3]" classname="org.example.lesson4.TriangleTest" time="0.011"/>
  <testcase name="testsquareOfTriangleCorrectSidesCsvFile{int, int, int, double}[4]" classname="org.example.lesson4.TriangleTest" time="0.013"/>
  <testcase name="testsquareOfTriangleWrongSides" classname="org.example.lesson4.TriangleTest" time="0.022"/>
  <testcase name="testsquareOfTriangleNegativeNumber" classname="org.example.lesson4.TriangleTest" time="0.023"/>
  <testcase name="testsquareOfTriangleWrongSidesCsv{int, int, int}[1]" classname="org.example.lesson4.TriangleTest" time="0.021"/>
  <testcase name="testsquareOfTriangleWrongSidesCsv{int, int, int}[2]" classname="org.example.lesson4.TriangleTest" time="0.022"/>
  <testcase name="testsquareOfTriangleWrongSidesCsv{int, int, int}[3]" classname="org.example.lesson4.TriangleTest" time="0.013"/>
  <testcase name="testsquareOfTriangleCorrectSides" classname="org.example.lesson4.TriangleTest" time="0.013"/>
  <testcase name="testsquareOfTriangleNegativeNumberCsv{int, int, int}[1]" classname="org.example.lesson4.TriangleTest" time="0.01"/>
  <testcase name="testsquareOfTriangleNegativeNumberCsv{int, int, int}[2]" classname="org.example.lesson4.TriangleTest" time="0.021"/>
  <testcase name="testsquareOfTriangleNegativeNumberCsv{int, int, int}[3]" classname="org.example.lesson4.TriangleTest" time="0.011"/>
  <testcase name="testsquareOfTriangleZeroCsv{int, int, int}[1]" classname="org.example.lesson4.TriangleTest" time="0.017"/>
  <testcase name="testsquareOfTriangleZeroCsv{int, int, int}[2]" classname="org.example.lesson4.TriangleTest" time="0.023"/>
  <testcase name="testsquareOfTriangleZeroCsv{int, int, int}[3]" classname="org.example.lesson4.TriangleTest" time="0.011"/>
  <testcase name="testsquareOfTriangleZero" classname="org.example.lesson4.TriangleTest" time="0.011"/>
  <testcase name="testsquareOfTriangleCorrectSidesCsv{int, int, int, double}[1]" classname="org.example.lesson4.TriangleTest" time="0.011"/>
  <testcase name="testsquareOfTriangleCorrectSidesCsv{int, int, int, double}[2]" classname="org.example.lesson4.TriangleTest" time="0.017"/>
  <testcase name="testsquareOfTriangleCorrectSidesCsv{int, int, int, double}[3]" classname="org.example.lesson4.TriangleTest" time="0.011"/>
  <testcase name="testsquareOfTriangleCorrectSidesCsv{int, int, int, double}[4]" classname="org.example.lesson4.TriangleTest" time="0.011"/>
</testsuite>